<?xml version="1.0" encoding="UTF-8"?>
<robot generator="Robot 3.1.2 (Python 3.7.4 on win32)" generated="20190926 15:28:20.330" rpa="false">
<suite id="s1" name="FavouriteShows" source="C:\AutomationGoDiscovery\test\FavouriteShows.robot">
<test id="s1-t1" name="Valid_URL_Open">
<kw name="Open Browser To Login Page">
<kw name="Open Browser" library="Selenium2Library">
<doc>Opens a new browser instance to the given ``url``.</doc>
<arguments>
<arg>${LOGIN URL}</arg>
<arg>${BROWSER}</arg>
</arguments>
<msg timestamp="20190926 15:28:20.596" level="INFO">Opening browser 'Chrome' to base url 'https://go.discovery.com/'.</msg>
<status status="PASS" starttime="20190926 15:28:20.596" endtime="20190926 15:29:08.550"></status>
</kw>
<status status="PASS" starttime="20190926 15:28:20.596" endtime="20190926 15:29:08.550"></status>
</kw>
<kw name="Maximize Browser Window" library="Selenium2Library">
<doc>Maximizes current browser window.</doc>
<status status="PASS" starttime="20190926 15:29:08.550" endtime="20190926 15:29:09.844"></status>
</kw>
<status status="PASS" starttime="20190926 15:28:20.596" endtime="20190926 15:29:09.845" critical="yes"></status>
</test>
<test id="s1-t2" name="Navigate_To_Popular_Shows">
<kw name="Scroll Element Into View" library="Selenium2Library">
<doc>Scrolls the element identified by ``locator`` into view.</doc>
<arguments>
<arg>${PopularShows}</arg>
</arguments>
<status status="PASS" starttime="20190926 15:29:09.852" endtime="20190926 15:29:10.435"></status>
</kw>
<kw name="Wait Until Element Is Visible" library="Selenium2Library">
<doc>Waits until the element ``locator`` is visible.</doc>
<arguments>
<arg>${PopularShows}</arg>
</arguments>
<status status="PASS" starttime="20190926 15:29:10.435" endtime="20190926 15:29:10.512"></status>
</kw>
<kw name="Set Focus To Element" library="Selenium2Library">
<doc>Sets the focus to the element identified by ``locator``.</doc>
<arguments>
<arg>${PopularShows}</arg>
</arguments>
<status status="PASS" starttime="20190926 15:29:10.512" endtime="20190926 15:29:10.537"></status>
</kw>
<status status="PASS" starttime="20190926 15:29:09.850" endtime="20190926 15:29:10.538" critical="yes"></status>
</test>
<test id="s1-t3" name="Navigating_To_Last_Video">
<kw name="Click Element" library="Selenium2Library">
<doc>Click the element identified by ``locator``.</doc>
<arguments>
<arg>xpath=//*[@id="react-root"]/div/div[1]/section[9]/div/div/div[1]/div/div[1]/div[2]/div/i</arg>
</arguments>
<msg timestamp="20190926 15:29:10.540" level="INFO">Clicking element 'xpath=//*[@id="react-root"]/div/div[1]/section[9]/div/div/div[1]/div/div[1]/div[2]/div/i'.</msg>
<status status="PASS" starttime="20190926 15:29:10.540" endtime="20190926 15:29:10.739"></status>
</kw>
<kw name="${INDEX} IN RANGE [ 0 | 13 ]" type="for">
<kw name="${INDEX} = 0" type="foritem">
<kw name="Click Element" library="Selenium2Library">
<doc>Click the element identified by ``locator``.</doc>
<arguments>
<arg>xpath=//*[@id="react-root"]/div/div[1]/section[9]/div/div/div[1]/div/div[1]/div[3]/div/i</arg>
</arguments>
<msg timestamp="20190926 15:29:10.740" level="INFO">Clicking element 'xpath=//*[@id="react-root"]/div/div[1]/section[9]/div/div/div[1]/div/div[1]/div[3]/div/i'.</msg>
<status status="PASS" starttime="20190926 15:29:10.740" endtime="20190926 15:29:10.879"></status>
</kw>
<status status="PASS" starttime="20190926 15:29:10.740" endtime="20190926 15:29:10.879"></status>
</kw>
<kw name="${INDEX} = 1" type="foritem">
<kw name="Click Element" library="Selenium2Library">
<doc>Click the element identified by ``locator``.</doc>
<arguments>
<arg>xpath=//*[@id="react-root"]/div/div[1]/section[9]/div/div/div[1]/div/div[1]/div[3]/div/i</arg>
</arguments>
<msg timestamp="20190926 15:29:10.880" level="INFO">Clicking element 'xpath=//*[@id="react-root"]/div/div[1]/section[9]/div/div/div[1]/div/div[1]/div[3]/div/i'.</msg>
<status status="PASS" starttime="20190926 15:29:10.879" endtime="20190926 15:29:10.975"></status>
</kw>
<status status="PASS" starttime="20190926 15:29:10.879" endtime="20190926 15:29:10.975"></status>
</kw>
<kw name="${INDEX} = 2" type="foritem">
<kw name="Click Element" library="Selenium2Library">
<doc>Click the element identified by ``locator``.</doc>
<arguments>
<arg>xpath=//*[@id="react-root"]/div/div[1]/section[9]/div/div/div[1]/div/div[1]/div[3]/div/i</arg>
</arguments>
<msg timestamp="20190926 15:29:10.979" level="INFO">Clicking element 'xpath=//*[@id="react-root"]/div/div[1]/section[9]/div/div/div[1]/div/div[1]/div[3]/div/i'.</msg>
<status status="PASS" starttime="20190926 15:29:10.975" endtime="20190926 15:29:11.171"></status>
</kw>
<status status="PASS" starttime="20190926 15:29:10.975" endtime="20190926 15:29:11.172"></status>
</kw>
<kw name="${INDEX} = 3" type="foritem">
<kw name="Click Element" library="Selenium2Library">
<doc>Click the element identified by ``locator``.</doc>
<arguments>
<arg>xpath=//*[@id="react-root"]/div/div[1]/section[9]/div/div/div[1]/div/div[1]/div[3]/div/i</arg>
</arguments>
<msg timestamp="20190926 15:29:11.172" level="INFO">Clicking element 'xpath=//*[@id="react-root"]/div/div[1]/section[9]/div/div/div[1]/div/div[1]/div[3]/div/i'.</msg>
<status status="PASS" starttime="20190926 15:29:11.172" endtime="20190926 15:29:11.253"></status>
</kw>
<status status="PASS" starttime="20190926 15:29:11.172" endtime="20190926 15:29:11.253"></status>
</kw>
<kw name="${INDEX} = 4" type="foritem">
<kw name="Click Element" library="Selenium2Library">
<doc>Click the element identified by ``locator``.</doc>
<arguments>
<arg>xpath=//*[@id="react-root"]/div/div[1]/section[9]/div/div/div[1]/div/div[1]/div[3]/div/i</arg>
</arguments>
<msg timestamp="20190926 15:29:11.253" level="INFO">Clicking element 'xpath=//*[@id="react-root"]/div/div[1]/section[9]/div/div/div[1]/div/div[1]/div[3]/div/i'.</msg>
<status status="PASS" starttime="20190926 15:29:11.253" endtime="20190926 15:29:11.343"></status>
</kw>
<status status="PASS" starttime="20190926 15:29:11.253" endtime="20190926 15:29:11.344"></status>
</kw>
<kw name="${INDEX} = 5" type="foritem">
<kw name="Click Element" library="Selenium2Library">
<doc>Click the element identified by ``locator``.</doc>
<arguments>
<arg>xpath=//*[@id="react-root"]/div/div[1]/section[9]/div/div/div[1]/div/div[1]/div[3]/div/i</arg>
</arguments>
<msg timestamp="20190926 15:29:11.344" level="INFO">Clicking element 'xpath=//*[@id="react-root"]/div/div[1]/section[9]/div/div/div[1]/div/div[1]/div[3]/div/i'.</msg>
<status status="PASS" starttime="20190926 15:29:11.344" endtime="20190926 15:29:11.443"></status>
</kw>
<status status="PASS" starttime="20190926 15:29:11.344" endtime="20190926 15:29:11.443"></status>
</kw>
<kw name="${INDEX} = 6" type="foritem">
<kw name="Click Element" library="Selenium2Library">
<doc>Click the element identified by ``locator``.</doc>
<arguments>
<arg>xpath=//*[@id="react-root"]/div/div[1]/section[9]/div/div/div[1]/div/div[1]/div[3]/div/i</arg>
</arguments>
<msg timestamp="20190926 15:29:11.443" level="INFO">Clicking element 'xpath=//*[@id="react-root"]/div/div[1]/section[9]/div/div/div[1]/div/div[1]/div[3]/div/i'.</msg>
<status status="PASS" starttime="20190926 15:29:11.443" endtime="20190926 15:29:11.614"></status>
</kw>
<status status="PASS" starttime="20190926 15:29:11.443" endtime="20190926 15:29:11.614"></status>
</kw>
<kw name="${INDEX} = 7" type="foritem">
<kw name="Click Element" library="Selenium2Library">
<doc>Click the element identified by ``locator``.</doc>
<arguments>
<arg>xpath=//*[@id="react-root"]/div/div[1]/section[9]/div/div/div[1]/div/div[1]/div[3]/div/i</arg>
</arguments>
<msg timestamp="20190926 15:29:11.615" level="INFO">Clicking element 'xpath=//*[@id="react-root"]/div/div[1]/section[9]/div/div/div[1]/div/div[1]/div[3]/div/i'.</msg>
<status status="PASS" starttime="20190926 15:29:11.615" endtime="20190926 15:29:11.764"></status>
</kw>
<status status="PASS" starttime="20190926 15:29:11.615" endtime="20190926 15:29:11.764"></status>
</kw>
<kw name="${INDEX} = 8" type="foritem">
<kw name="Click Element" library="Selenium2Library">
<doc>Click the element identified by ``locator``.</doc>
<arguments>
<arg>xpath=//*[@id="react-root"]/div/div[1]/section[9]/div/div/div[1]/div/div[1]/div[3]/div/i</arg>
</arguments>
<msg timestamp="20190926 15:29:11.765" level="INFO">Clicking element 'xpath=//*[@id="react-root"]/div/div[1]/section[9]/div/div/div[1]/div/div[1]/div[3]/div/i'.</msg>
<status status="PASS" starttime="20190926 15:29:11.765" endtime="20190926 15:29:11.970"></status>
</kw>
<status status="PASS" starttime="20190926 15:29:11.764" endtime="20190926 15:29:11.970"></status>
</kw>
<kw name="${INDEX} = 9" type="foritem">
<kw name="Click Element" library="Selenium2Library">
<doc>Click the element identified by ``locator``.</doc>
<arguments>
<arg>xpath=//*[@id="react-root"]/div/div[1]/section[9]/div/div/div[1]/div/div[1]/div[3]/div/i</arg>
</arguments>
<msg timestamp="20190926 15:29:11.971" level="INFO">Clicking element 'xpath=//*[@id="react-root"]/div/div[1]/section[9]/div/div/div[1]/div/div[1]/div[3]/div/i'.</msg>
<status status="PASS" starttime="20190926 15:29:11.970" endtime="20190926 15:29:12.043"></status>
</kw>
<status status="PASS" starttime="20190926 15:29:11.970" endtime="20190926 15:29:12.043"></status>
</kw>
<kw name="${INDEX} = 10" type="foritem">
<kw name="Click Element" library="Selenium2Library">
<doc>Click the element identified by ``locator``.</doc>
<arguments>
<arg>xpath=//*[@id="react-root"]/div/div[1]/section[9]/div/div/div[1]/div/div[1]/div[3]/div/i</arg>
</arguments>
<msg timestamp="20190926 15:29:12.043" level="INFO">Clicking element 'xpath=//*[@id="react-root"]/div/div[1]/section[9]/div/div/div[1]/div/div[1]/div[3]/div/i'.</msg>
<status status="PASS" starttime="20190926 15:29:12.043" endtime="20190926 15:29:12.204"></status>
</kw>
<status status="PASS" starttime="20190926 15:29:12.043" endtime="20190926 15:29:12.204"></status>
</kw>
<kw name="${INDEX} = 11" type="foritem">
<kw name="Click Element" library="Selenium2Library">
<doc>Click the element identified by ``locator``.</doc>
<arguments>
<arg>xpath=//*[@id="react-root"]/div/div[1]/section[9]/div/div/div[1]/div/div[1]/div[3]/div/i</arg>
</arguments>
<msg timestamp="20190926 15:29:12.205" level="INFO">Clicking element 'xpath=//*[@id="react-root"]/div/div[1]/section[9]/div/div/div[1]/div/div[1]/div[3]/div/i'.</msg>
<status status="PASS" starttime="20190926 15:29:12.204" endtime="20190926 15:29:12.324"></status>
</kw>
<status status="PASS" starttime="20190926 15:29:12.204" endtime="20190926 15:29:12.324"></status>
</kw>
<kw name="${INDEX} = 12" type="foritem">
<kw name="Click Element" library="Selenium2Library">
<doc>Click the element identified by ``locator``.</doc>
<arguments>
<arg>xpath=//*[@id="react-root"]/div/div[1]/section[9]/div/div/div[1]/div/div[1]/div[3]/div/i</arg>
</arguments>
<msg timestamp="20190926 15:29:12.325" level="INFO">Clicking element 'xpath=//*[@id="react-root"]/div/div[1]/section[9]/div/div/div[1]/div/div[1]/div[3]/div/i'.</msg>
<status status="PASS" starttime="20190926 15:29:12.325" endtime="20190926 15:29:12.500"></status>
</kw>
<status status="PASS" starttime="20190926 15:29:12.324" endtime="20190926 15:29:12.500"></status>
</kw>
<status status="PASS" starttime="20190926 15:29:10.739" endtime="20190926 15:29:12.500"></status>
</kw>
<kw name="Close All Browsers" library="Selenium2Library">
<doc>Closes all open browsers and resets the browser cache.</doc>
<status status="PASS" starttime="20190926 15:29:12.500" endtime="20190926 15:29:14.866"></status>
</kw>
<status status="PASS" starttime="20190926 15:29:10.539" endtime="20190926 15:29:14.866" critical="yes"></status>
</test>
<test id="s1-t4" name="Explore_The_Show">
<kw name="Exploring Show">
<kw name="Open Browser" library="Selenium2Library">
<doc>Opens a new browser instance to the given ``url``.</doc>
<arguments>
<arg>${Show}</arg>
<arg>${BROWSER}</arg>
</arguments>
<msg timestamp="20190926 15:29:14.866" level="INFO">Opening browser 'Chrome' to base url 'https://go.discovery.com/tv-shows/deadliest-catch/'.</msg>
<status status="PASS" starttime="20190926 15:29:14.866" endtime="20190926 15:29:31.774"></status>
</kw>
<status status="PASS" starttime="20190926 15:29:14.866" endtime="20190926 15:29:31.774"></status>
</kw>
<kw name="Maximize Browser Window" library="Selenium2Library">
<doc>Maximizes current browser window.</doc>
<status status="PASS" starttime="20190926 15:29:31.775" endtime="20190926 15:29:33.062"></status>
</kw>
<kw name="Wait Until Element Is Visible" library="Selenium2Library">
<doc>Waits until the element ``locator`` is visible.</doc>
<arguments>
<arg>${ShowMore}</arg>
</arguments>
<status status="PASS" starttime="20190926 15:29:33.063" endtime="20190926 15:29:33.190"></status>
</kw>
<kw name="Scroll Element Into View" library="Selenium2Library">
<doc>Scrolls the element identified by ``locator`` into view.</doc>
<arguments>
<arg>${ShowMore}</arg>
</arguments>
<status status="PASS" starttime="20190926 15:29:33.191" endtime="20190926 15:29:33.500"></status>
</kw>
<kw name="Wait Until Element Is Visible" library="Selenium2Library">
<doc>Waits until the element ``locator`` is visible.</doc>
<arguments>
<arg>${ShowMore}</arg>
</arguments>
<status status="PASS" starttime="20190926 15:29:33.501" endtime="20190926 15:29:33.528"></status>
</kw>
<kw name="Set Focus To Element" library="Selenium2Library">
<doc>Sets the focus to the element identified by ``locator``.</doc>
<arguments>
<arg>${ShowMore}</arg>
</arguments>
<status status="PASS" starttime="20190926 15:29:33.529" endtime="20190926 15:29:33.544"></status>
</kw>
<kw name="Click Element" library="Selenium2Library">
<doc>Click the element identified by ``locator``.</doc>
<arguments>
<arg>xpath=${ShowMore}</arg>
</arguments>
<msg timestamp="20190926 15:29:33.545" level="INFO">Clicking element 'xpath=//*[@id="react-root"]/div/div[1]/main/section[2]/div/ul/li[4]/button'.</msg>
<status status="PASS" starttime="20190926 15:29:33.545" endtime="20190926 15:29:33.717"></status>
</kw>
<kw name="Scroll Element Into View" library="Selenium2Library">
<doc>Scrolls the element identified by ``locator`` into view.</doc>
<arguments>
<arg>${ShowMoreAgain}</arg>
</arguments>
<status status="PASS" starttime="20190926 15:29:33.718" endtime="20190926 15:29:34.023"></status>
</kw>
<kw name="Wait Until Element Is Visible" library="Selenium2Library">
<doc>Waits until the element ``locator`` is visible.</doc>
<arguments>
<arg>${ShowMoreAgain}</arg>
</arguments>
<status status="PASS" starttime="20190926 15:29:34.024" endtime="20190926 15:29:34.045"></status>
</kw>
<kw name="Set Focus To Element" library="Selenium2Library">
<doc>Sets the focus to the element identified by ``locator``.</doc>
<arguments>
<arg>${ShowMoreAgain}</arg>
</arguments>
<status status="PASS" starttime="20190926 15:29:34.046" endtime="20190926 15:29:34.060"></status>
</kw>
<kw name="Click Element" library="Selenium2Library">
<doc>Click the element identified by ``locator``.</doc>
<arguments>
<arg>xpath=${ShowMoreAgain}</arg>
</arguments>
<msg timestamp="20190926 15:29:34.061" level="INFO">Clicking element 'xpath=//*[@id="react-root"]/div/div[1]/main/section[2]/div/ul/li[14]/button'.</msg>
<status status="PASS" starttime="20190926 15:29:34.060" endtime="20190926 15:29:34.136"></status>
</kw>
<status status="PASS" starttime="20190926 15:29:14.866" endtime="20190926 15:29:34.136" critical="yes"></status>
</test>
<test id="s1-t5" name="Show_Titles_And_Duration_Scrapped">
<kw name="Log To Console" library="BuiltIn">
<doc>Logs the given message to the console.</doc>
<arguments>
<arg>\n Started Scrapping Contents</arg>
</arguments>
<status status="PASS" starttime="20190926 15:29:34.138" endtime="20190926 15:29:34.139"></status>
</kw>
<kw name="Log To Console" library="BuiltIn">
<doc>Logs the given message to the console.</doc>
<arguments>
<arg>****************************</arg>
</arguments>
<status status="PASS" starttime="20190926 15:29:34.139" endtime="20190926 15:29:34.140"></status>
</kw>
<kw name="Create List" library="BuiltIn">
<doc>Returns a list containing given items.</doc>
<assign>
<var>@{ShowTitleList}</var>
</assign>
<msg timestamp="20190926 15:29:34.140" level="INFO">@{ShowTitleList} = [ ]</msg>
<status status="PASS" starttime="20190926 15:29:34.140" endtime="20190926 15:29:34.141"></status>
</kw>
<kw name="${i} IN RANGE [ 1 | 24 ]" type="for">
<kw name="${i} = 1" type="foritem">
<kw name="Get Text" library="Selenium2Library">
<doc>Returns the text value of the element identified by ``locator``.</doc>
<arguments>
<arg>xpath =//*[@id="react-root"]/div/div[1]/main/section[2]/div/ul/li[${i}]/div[1]/div[1]/div/a/div[2]/p[2]</arg>
</arguments>
<assign>
<var>${title}</var>
</assign>
<msg timestamp="20190926 15:29:34.241" level="INFO">${title} = Now Or Never</msg>
<status status="PASS" starttime="20190926 15:29:34.141" endtime="20190926 15:29:34.241"></status>
</kw>
<kw name="Append To List" library="Collections">
<doc>Adds ``values`` to the end of ``list``.</doc>
<arguments>
<arg>${ShowTitleList}</arg>
<arg>${title}</arg>
</arguments>
<status status="PASS" starttime="20190926 15:29:34.241" endtime="20190926 15:29:34.242"></status>
</kw>
<status status="PASS" starttime="20190926 15:29:34.141" endtime="20190926 15:29:34.242"></status>
</kw>
<kw name="${i} = 2" type="foritem">
<kw name="Get Text" library="Selenium2Library">
<doc>Returns the text value of the element identified by ``locator``.</doc>
<arguments>
<arg>xpath =//*[@id="react-root"]/div/div[1]/main/section[2]/div/ul/li[${i}]/div[1]/div[1]/div/a/div[2]/p[2]</arg>
</arguments>
<assign>
<var>${title}</var>
</assign>
<msg timestamp="20190926 15:29:34.284" level="INFO">${title} = Dead Or Alive</msg>
<status status="PASS" starttime="20190926 15:29:34.242" endtime="20190926 15:29:34.284"></status>
</kw>
<kw name="Append To List" library="Collections">
<doc>Adds ``values`` to the end of ``list``.</doc>
<arguments>
<arg>${ShowTitleList}</arg>
<arg>${title}</arg>
</arguments>
<status status="PASS" starttime="20190926 15:29:34.284" endtime="20190926 15:29:34.284"></status>
</kw>
<status status="PASS" starttime="20190926 15:29:34.242" endtime="20190926 15:29:34.284"></status>
</kw>
<kw name="${i} = 3" type="foritem">
<kw name="Get Text" library="Selenium2Library">
<doc>Returns the text value of the element identified by ``locator``.</doc>
<arguments>
<arg>xpath =//*[@id="react-root"]/div/div[1]/main/section[2]/div/ul/li[${i}]/div[1]/div[1]/div/a/div[2]/p[2]</arg>
</arguments>
<assign>
<var>${title}</var>
</assign>
<msg timestamp="20190926 15:29:34.333" level="INFO">${title} = Time And Tide Wait For No Man</msg>
<status status="PASS" starttime="20190926 15:29:34.285" endtime="20190926 15:29:34.333"></status>
</kw>
<kw name="Append To List" library="Collections">
<doc>Adds ``values`` to the end of ``list``.</doc>
<arguments>
<arg>${ShowTitleList}</arg>
<arg>${title}</arg>
</arguments>
<status status="PASS" starttime="20190926 15:29:34.333" endtime="20190926 15:29:34.333"></status>
</kw>
<status status="PASS" starttime="20190926 15:29:34.284" endtime="20190926 15:29:34.333"></status>
</kw>
<kw name="${i} = 4" type="foritem">
<kw name="Get Text" library="Selenium2Library">
<doc>Returns the text value of the element identified by ``locator``.</doc>
<arguments>
<arg>xpath =//*[@id="react-root"]/div/div[1]/main/section[2]/div/ul/li[${i}]/div[1]/div[1]/div/a/div[2]/p[2]</arg>
</arguments>
<assign>
<var>${title}</var>
</assign>
<msg timestamp="20190926 15:29:34.366" level="INFO">${title} = The Most Dangerous Job In Television: Making Deadliest Catch</msg>
<status status="PASS" starttime="20190926 15:29:34.334" endtime="20190926 15:29:34.366"></status>
</kw>
<kw name="Append To List" library="Collections">
<doc>Adds ``values`` to the end of ``list``.</doc>
<arguments>
<arg>${ShowTitleList}</arg>
<arg>${title}</arg>
</arguments>
<status status="PASS" starttime="20190926 15:29:34.367" endtime="20190926 15:29:34.367"></status>
</kw>
<status status="PASS" starttime="20190926 15:29:34.333" endtime="20190926 15:29:34.367"></status>
</kw>
<kw name="${i} = 5" type="foritem">
<kw name="Get Text" library="Selenium2Library">
<doc>Returns the text value of the element identified by ``locator``.</doc>
<arguments>
<arg>xpath =//*[@id="react-root"]/div/div[1]/main/section[2]/div/ul/li[${i}]/div[1]/div[1]/div/a/div[2]/p[2]</arg>
</arguments>
<assign>
<var>${title}</var>
</assign>
<msg timestamp="20190926 15:29:34.412" level="INFO">${title} = Dark Ship</msg>
<status status="PASS" starttime="20190926 15:29:34.367" endtime="20190926 15:29:34.412"></status>
</kw>
<kw name="Append To List" library="Collections">
<doc>Adds ``values`` to the end of ``list``.</doc>
<arguments>
<arg>${ShowTitleList}</arg>
<arg>${title}</arg>
</arguments>
<status status="PASS" starttime="20190926 15:29:34.412" endtime="20190926 15:29:34.412"></status>
</kw>
<status status="PASS" starttime="20190926 15:29:34.367" endtime="20190926 15:29:34.412"></status>
</kw>
<kw name="${i} = 6" type="foritem">
<kw name="Get Text" library="Selenium2Library">
<doc>Returns the text value of the element identified by ``locator``.</doc>
<arguments>
<arg>xpath =//*[@id="react-root"]/div/div[1]/main/section[2]/div/ul/li[${i}]/div[1]/div[1]/div/a/div[2]/p[2]</arg>
</arguments>
<assign>
<var>${title}</var>
</assign>
<msg timestamp="20190926 15:29:34.456" level="INFO">${title} = Unholy Alliance</msg>
<status status="PASS" starttime="20190926 15:29:34.412" endtime="20190926 15:29:34.456"></status>
</kw>
<kw name="Append To List" library="Collections">
<doc>Adds ``values`` to the end of ``list``.</doc>
<arguments>
<arg>${ShowTitleList}</arg>
<arg>${title}</arg>
</arguments>
<status status="PASS" starttime="20190926 15:29:34.457" endtime="20190926 15:29:34.457"></status>
</kw>
<status status="PASS" starttime="20190926 15:29:34.412" endtime="20190926 15:29:34.457"></status>
</kw>
<kw name="${i} = 7" type="foritem">
<kw name="Get Text" library="Selenium2Library">
<doc>Returns the text value of the element identified by ``locator``.</doc>
<arguments>
<arg>xpath =//*[@id="react-root"]/div/div[1]/main/section[2]/div/ul/li[${i}]/div[1]/div[1]/div/a/div[2]/p[2]</arg>
</arguments>
<assign>
<var>${title}</var>
</assign>
<msg timestamp="20190926 15:29:34.494" level="INFO">${title} = Hell Or High Water</msg>
<status status="PASS" starttime="20190926 15:29:34.457" endtime="20190926 15:29:34.494"></status>
</kw>
<kw name="Append To List" library="Collections">
<doc>Adds ``values`` to the end of ``list``.</doc>
<arguments>
<arg>${ShowTitleList}</arg>
<arg>${title}</arg>
</arguments>
<status status="PASS" starttime="20190926 15:29:34.494" endtime="20190926 15:29:34.495"></status>
</kw>
<status status="PASS" starttime="20190926 15:29:34.457" endtime="20190926 15:29:34.495"></status>
</kw>
<kw name="${i} = 8" type="foritem">
<kw name="Get Text" library="Selenium2Library">
<doc>Returns the text value of the element identified by ``locator``.</doc>
<arguments>
<arg>xpath =//*[@id="react-root"]/div/div[1]/main/section[2]/div/ul/li[${i}]/div[1]/div[1]/div/a/div[2]/p[2]</arg>
</arguments>
<assign>
<var>${title}</var>
</assign>
<msg timestamp="20190926 15:29:34.534" level="INFO">${title} = Unbreakable</msg>
<status status="PASS" starttime="20190926 15:29:34.495" endtime="20190926 15:29:34.534"></status>
</kw>
<kw name="Append To List" library="Collections">
<doc>Adds ``values`` to the end of ``list``.</doc>
<arguments>
<arg>${ShowTitleList}</arg>
<arg>${title}</arg>
</arguments>
<status status="PASS" starttime="20190926 15:29:34.535" endtime="20190926 15:29:34.535"></status>
</kw>
<status status="PASS" starttime="20190926 15:29:34.495" endtime="20190926 15:29:34.535"></status>
</kw>
<kw name="${i} = 9" type="foritem">
<kw name="Get Text" library="Selenium2Library">
<doc>Returns the text value of the element identified by ``locator``.</doc>
<arguments>
<arg>xpath =//*[@id="react-root"]/div/div[1]/main/section[2]/div/ul/li[${i}]/div[1]/div[1]/div/a/div[2]/p[2]</arg>
</arguments>
<assign>
<var>${title}</var>
</assign>
<msg timestamp="20190926 15:29:34.572" level="INFO">${title} = Devil's Cut</msg>
<status status="PASS" starttime="20190926 15:29:34.535" endtime="20190926 15:29:34.572"></status>
</kw>
<kw name="Append To List" library="Collections">
<doc>Adds ``values`` to the end of ``list``.</doc>
<arguments>
<arg>${ShowTitleList}</arg>
<arg>${title}</arg>
</arguments>
<status status="PASS" starttime="20190926 15:29:34.572" endtime="20190926 15:29:34.572"></status>
</kw>
<status status="PASS" starttime="20190926 15:29:34.535" endtime="20190926 15:29:34.572"></status>
</kw>
<kw name="${i} = 10" type="foritem">
<kw name="Get Text" library="Selenium2Library">
<doc>Returns the text value of the element identified by ``locator``.</doc>
<arguments>
<arg>xpath =//*[@id="react-root"]/div/div[1]/main/section[2]/div/ul/li[${i}]/div[1]/div[1]/div/a/div[2]/p[2]</arg>
</arguments>
<assign>
<var>${title}</var>
</assign>
<msg timestamp="20190926 15:29:34.603" level="INFO">${title} = Crane Wreck</msg>
<status status="PASS" starttime="20190926 15:29:34.573" endtime="20190926 15:29:34.603"></status>
</kw>
<kw name="Append To List" library="Collections">
<doc>Adds ``values`` to the end of ``list``.</doc>
<arguments>
<arg>${ShowTitleList}</arg>
<arg>${title}</arg>
</arguments>
<status status="PASS" starttime="20190926 15:29:34.603" endtime="20190926 15:29:34.604"></status>
</kw>
<status status="PASS" starttime="20190926 15:29:34.572" endtime="20190926 15:29:34.604"></status>
</kw>
<kw name="${i} = 11" type="foritem">
<kw name="Get Text" library="Selenium2Library">
<doc>Returns the text value of the element identified by ``locator``.</doc>
<arguments>
<arg>xpath =//*[@id="react-root"]/div/div[1]/main/section[2]/div/ul/li[${i}]/div[1]/div[1]/div/a/div[2]/p[2]</arg>
</arguments>
<assign>
<var>${title}</var>
</assign>
<msg timestamp="20190926 15:29:34.634" level="INFO">${title} = The Mystery Of F/V Destination</msg>
<status status="PASS" starttime="20190926 15:29:34.604" endtime="20190926 15:29:34.634"></status>
</kw>
<kw name="Append To List" library="Collections">
<doc>Adds ``values`` to the end of ``list``.</doc>
<arguments>
<arg>${ShowTitleList}</arg>
<arg>${title}</arg>
</arguments>
<status status="PASS" starttime="20190926 15:29:34.634" endtime="20190926 15:29:34.634"></status>
</kw>
<status status="PASS" starttime="20190926 15:29:34.604" endtime="20190926 15:29:34.634"></status>
</kw>
<kw name="${i} = 12" type="foritem">
<kw name="Get Text" library="Selenium2Library">
<doc>Returns the text value of the element identified by ``locator``.</doc>
<arguments>
<arg>xpath =//*[@id="react-root"]/div/div[1]/main/section[2]/div/ul/li[${i}]/div[1]/div[1]/div/a/div[2]/p[2]</arg>
</arguments>
<assign>
<var>${title}</var>
</assign>
<msg timestamp="20190926 15:29:34.665" level="INFO">${title} = Sixty Foot Monster</msg>
<status status="PASS" starttime="20190926 15:29:34.634" endtime="20190926 15:29:34.665"></status>
</kw>
<kw name="Append To List" library="Collections">
<doc>Adds ``values`` to the end of ``list``.</doc>
<arguments>
<arg>${ShowTitleList}</arg>
<arg>${title}</arg>
</arguments>
<status status="PASS" starttime="20190926 15:29:34.665" endtime="20190926 15:29:34.665"></status>
</kw>
<status status="PASS" starttime="20190926 15:29:34.634" endtime="20190926 15:29:34.665"></status>
</kw>
<kw name="${i} = 13" type="foritem">
<kw name="Get Text" library="Selenium2Library">
<doc>Returns the text value of the element identified by ``locator``.</doc>
<arguments>
<arg>xpath =//*[@id="react-root"]/div/div[1]/main/section[2]/div/ul/li[${i}]/div[1]/div[1]/div/a/div[2]/p[2]</arg>
</arguments>
<assign>
<var>${title}</var>
</assign>
<msg timestamp="20190926 15:29:34.696" level="INFO">${title} = Hell Hath No Fury</msg>
<status status="PASS" starttime="20190926 15:29:34.665" endtime="20190926 15:29:34.696"></status>
</kw>
<kw name="Append To List" library="Collections">
<doc>Adds ``values`` to the end of ``list``.</doc>
<arguments>
<arg>${ShowTitleList}</arg>
<arg>${title}</arg>
</arguments>
<status status="PASS" starttime="20190926 15:29:34.696" endtime="20190926 15:29:34.696"></status>
</kw>
<status status="PASS" starttime="20190926 15:29:34.665" endtime="20190926 15:29:34.696"></status>
</kw>
<kw name="${i} = 14" type="foritem">
<kw name="Get Text" library="Selenium2Library">
<doc>Returns the text value of the element identified by ``locator``.</doc>
<arguments>
<arg>xpath =//*[@id="react-root"]/div/div[1]/main/section[2]/div/ul/li[${i}]/div[1]/div[1]/div/a/div[2]/p[2]</arg>
</arguments>
<assign>
<var>${title}</var>
</assign>
<msg timestamp="20190926 15:29:34.731" level="INFO">${title} = </msg>
<status status="PASS" starttime="20190926 15:29:34.696" endtime="20190926 15:29:34.731"></status>
</kw>
<kw name="Append To List" library="Collections">
<doc>Adds ``values`` to the end of ``list``.</doc>
<arguments>
<arg>${ShowTitleList}</arg>
<arg>${title}</arg>
</arguments>
<status status="PASS" starttime="20190926 15:29:34.731" endtime="20190926 15:29:34.733"></status>
</kw>
<status status="PASS" starttime="20190926 15:29:34.696" endtime="20190926 15:29:34.733"></status>
</kw>
<kw name="${i} = 15" type="foritem">
<kw name="Get Text" library="Selenium2Library">
<doc>Returns the text value of the element identified by ``locator``.</doc>
<arguments>
<arg>xpath =//*[@id="react-root"]/div/div[1]/main/section[2]/div/ul/li[${i}]/div[1]/div[1]/div/a/div[2]/p[2]</arg>
</arguments>
<assign>
<var>${title}</var>
</assign>
<msg timestamp="20190926 15:29:34.764" level="INFO">${title} = Russian Roulette</msg>
<status status="PASS" starttime="20190926 15:29:34.733" endtime="20190926 15:29:34.764"></status>
</kw>
<kw name="Append To List" library="Collections">
<doc>Adds ``values`` to the end of ``list``.</doc>
<arguments>
<arg>${ShowTitleList}</arg>
<arg>${title}</arg>
</arguments>
<status status="PASS" starttime="20190926 15:29:34.764" endtime="20190926 15:29:34.764"></status>
</kw>
<status status="PASS" starttime="20190926 15:29:34.733" endtime="20190926 15:29:34.764"></status>
</kw>
<kw name="${i} = 16" type="foritem">
<kw name="Get Text" library="Selenium2Library">
<doc>Returns the text value of the element identified by ``locator``.</doc>
<arguments>
<arg>xpath =//*[@id="react-root"]/div/div[1]/main/section[2]/div/ul/li[${i}]/div[1]/div[1]/div/a/div[2]/p[2]</arg>
</arguments>
<assign>
<var>${title}</var>
</assign>
<msg timestamp="20190926 15:29:34.779" level="INFO">${title} = Tough Inheritance</msg>
<status status="PASS" starttime="20190926 15:29:34.764" endtime="20190926 15:29:34.779"></status>
</kw>
<kw name="Append To List" library="Collections">
<doc>Adds ``values`` to the end of ``list``.</doc>
<arguments>
<arg>${ShowTitleList}</arg>
<arg>${title}</arg>
</arguments>
<status status="PASS" starttime="20190926 15:29:34.779" endtime="20190926 15:29:34.779"></status>
</kw>
<status status="PASS" starttime="20190926 15:29:34.764" endtime="20190926 15:29:34.779"></status>
</kw>
<kw name="${i} = 17" type="foritem">
<kw name="Get Text" library="Selenium2Library">
<doc>Returns the text value of the element identified by ``locator``.</doc>
<arguments>
<arg>xpath =//*[@id="react-root"]/div/div[1]/main/section[2]/div/ul/li[${i}]/div[1]/div[1]/div/a/div[2]/p[2]</arg>
</arguments>
<assign>
<var>${title}</var>
</assign>
<msg timestamp="20190926 15:29:34.826" level="INFO">${title} = Winter Is Here</msg>
<status status="PASS" starttime="20190926 15:29:34.779" endtime="20190926 15:29:34.826"></status>
</kw>
<kw name="Append To List" library="Collections">
<doc>Adds ``values`` to the end of ``list``.</doc>
<arguments>
<arg>${ShowTitleList}</arg>
<arg>${title}</arg>
</arguments>
<status status="PASS" starttime="20190926 15:29:34.826" endtime="20190926 15:29:34.826"></status>
</kw>
<status status="PASS" starttime="20190926 15:29:34.779" endtime="20190926 15:29:34.826"></status>
</kw>
<kw name="${i} = 18" type="foritem">
<kw name="Get Text" library="Selenium2Library">
<doc>Returns the text value of the element identified by ``locator``.</doc>
<arguments>
<arg>xpath =//*[@id="react-root"]/div/div[1]/main/section[2]/div/ul/li[${i}]/div[1]/div[1]/div/a/div[2]/p[2]</arg>
</arguments>
<assign>
<var>${title}</var>
</assign>
<msg timestamp="20190926 15:29:34.858" level="INFO">${title} = Blood In The Water</msg>
<status status="PASS" starttime="20190926 15:29:34.826" endtime="20190926 15:29:34.858"></status>
</kw>
<kw name="Append To List" library="Collections">
<doc>Adds ``values`` to the end of ``list``.</doc>
<arguments>
<arg>${ShowTitleList}</arg>
<arg>${title}</arg>
</arguments>
<status status="PASS" starttime="20190926 15:29:34.858" endtime="20190926 15:29:34.858"></status>
</kw>
<status status="PASS" starttime="20190926 15:29:34.826" endtime="20190926 15:29:34.858"></status>
</kw>
<kw name="${i} = 19" type="foritem">
<kw name="Get Text" library="Selenium2Library">
<doc>Returns the text value of the element identified by ``locator``.</doc>
<arguments>
<arg>xpath =//*[@id="react-root"]/div/div[1]/main/section[2]/div/ul/li[${i}]/div[1]/div[1]/div/a/div[2]/p[2]</arg>
</arguments>
<assign>
<var>${title}</var>
</assign>
<msg timestamp="20190926 15:29:34.889" level="INFO">${title} = Tortured To Greatness</msg>
<status status="PASS" starttime="20190926 15:29:34.858" endtime="20190926 15:29:34.889"></status>
</kw>
<kw name="Append To List" library="Collections">
<doc>Adds ``values`` to the end of ``list``.</doc>
<arguments>
<arg>${ShowTitleList}</arg>
<arg>${title}</arg>
</arguments>
<status status="PASS" starttime="20190926 15:29:34.889" endtime="20190926 15:29:34.889"></status>
</kw>
<status status="PASS" starttime="20190926 15:29:34.858" endtime="20190926 15:29:34.889"></status>
</kw>
<kw name="${i} = 20" type="foritem">
<kw name="Get Text" library="Selenium2Library">
<doc>Returns the text value of the element identified by ``locator``.</doc>
<arguments>
<arg>xpath =//*[@id="react-root"]/div/div[1]/main/section[2]/div/ul/li[${i}]/div[1]/div[1]/div/a/div[2]/p[2]</arg>
</arguments>
<assign>
<var>${title}</var>
</assign>
<msg timestamp="20190926 15:29:34.986" level="INFO">${title} = Shifting Stack</msg>
<status status="PASS" starttime="20190926 15:29:34.889" endtime="20190926 15:29:34.986"></status>
</kw>
<kw name="Append To List" library="Collections">
<doc>Adds ``values`` to the end of ``list``.</doc>
<arguments>
<arg>${ShowTitleList}</arg>
<arg>${title}</arg>
</arguments>
<status status="PASS" starttime="20190926 15:29:34.986" endtime="20190926 15:29:34.986"></status>
</kw>
<status status="PASS" starttime="20190926 15:29:34.889" endtime="20190926 15:29:34.986"></status>
</kw>
<kw name="${i} = 21" type="foritem">
<kw name="Get Text" library="Selenium2Library">
<doc>Returns the text value of the element identified by ``locator``.</doc>
<arguments>
<arg>xpath =//*[@id="react-root"]/div/div[1]/main/section[2]/div/ul/li[${i}]/div[1]/div[1]/div/a/div[2]/p[2]</arg>
</arguments>
<assign>
<var>${title}</var>
</assign>
<msg timestamp="20190926 15:29:35.016" level="INFO">${title} = Strategy &amp; Deception</msg>
<status status="PASS" starttime="20190926 15:29:34.986" endtime="20190926 15:29:35.016"></status>
</kw>
<kw name="Append To List" library="Collections">
<doc>Adds ``values`` to the end of ``list``.</doc>
<arguments>
<arg>${ShowTitleList}</arg>
<arg>${title}</arg>
</arguments>
<status status="PASS" starttime="20190926 15:29:35.016" endtime="20190926 15:29:35.016"></status>
</kw>
<status status="PASS" starttime="20190926 15:29:34.986" endtime="20190926 15:29:35.016"></status>
</kw>
<kw name="${i} = 22" type="foritem">
<kw name="Get Text" library="Selenium2Library">
<doc>Returns the text value of the element identified by ``locator``.</doc>
<arguments>
<arg>xpath =//*[@id="react-root"]/div/div[1]/main/section[2]/div/ul/li[${i}]/div[1]/div[1]/div/a/div[2]/p[2]</arg>
</arguments>
<assign>
<var>${title}</var>
</assign>
<msg timestamp="20190926 15:29:35.048" level="INFO">${title} = Single Point Of Failure</msg>
<status status="PASS" starttime="20190926 15:29:35.016" endtime="20190926 15:29:35.048"></status>
</kw>
<kw name="Append To List" library="Collections">
<doc>Adds ``values`` to the end of ``list``.</doc>
<arguments>
<arg>${ShowTitleList}</arg>
<arg>${title}</arg>
</arguments>
<status status="PASS" starttime="20190926 15:29:35.048" endtime="20190926 15:29:35.048"></status>
</kw>
<status status="PASS" starttime="20190926 15:29:35.016" endtime="20190926 15:29:35.048"></status>
</kw>
<kw name="${i} = 23" type="foritem">
<kw name="Get Text" library="Selenium2Library">
<doc>Returns the text value of the element identified by ``locator``.</doc>
<arguments>
<arg>xpath =//*[@id="react-root"]/div/div[1]/main/section[2]/div/ul/li[${i}]/div[1]/div[1]/div/a/div[2]/p[2]</arg>
</arguments>
<assign>
<var>${title}</var>
</assign>
<msg timestamp="20190926 15:29:35.063" level="INFO">${title} = Legend Of Sean Dwyer</msg>
<status status="PASS" starttime="20190926 15:29:35.048" endtime="20190926 15:29:35.063"></status>
</kw>
<kw name="Append To List" library="Collections">
<doc>Adds ``values`` to the end of ``list``.</doc>
<arguments>
<arg>${ShowTitleList}</arg>
<arg>${title}</arg>
</arguments>
<status status="PASS" starttime="20190926 15:29:35.063" endtime="20190926 15:29:35.079"></status>
</kw>
<status status="PASS" starttime="20190926 15:29:35.048" endtime="20190926 15:29:35.079"></status>
</kw>
<status status="PASS" starttime="20190926 15:29:34.141" endtime="20190926 15:29:35.079"></status>
</kw>
<kw name="${item} IN [ @{ShowTitleList} ]" type="for">
<kw name="${item} = Now Or Never" type="foritem">
<kw name="Log To Console" library="BuiltIn">
<doc>Logs the given message to the console.</doc>
<arguments>
<arg>${item}</arg>
</arguments>
<status status="PASS" starttime="20190926 15:29:35.079" endtime="20190926 15:29:35.079"></status>
</kw>
<status status="PASS" starttime="20190926 15:29:35.079" endtime="20190926 15:29:35.079"></status>
</kw>
<kw name="${item} = Dead Or Alive" type="foritem">
<kw name="Log To Console" library="BuiltIn">
<doc>Logs the given message to the console.</doc>
<arguments>
<arg>${item}</arg>
</arguments>
<status status="PASS" starttime="20190926 15:29:35.079" endtime="20190926 15:29:35.079"></status>
</kw>
<status status="PASS" starttime="20190926 15:29:35.079" endtime="20190926 15:29:35.079"></status>
</kw>
<kw name="${item} = Time And Tide Wait For No Man" type="foritem">
<kw name="Log To Console" library="BuiltIn">
<doc>Logs the given message to the console.</doc>
<arguments>
<arg>${item}</arg>
</arguments>
<status status="PASS" starttime="20190926 15:29:35.079" endtime="20190926 15:29:35.079"></status>
</kw>
<status status="PASS" starttime="20190926 15:29:35.079" endtime="20190926 15:29:35.079"></status>
</kw>
<kw name="${item} = The Most Dangerous Job In Television: Making Deadliest Catch" type="foritem">
<kw name="Log To Console" library="BuiltIn">
<doc>Logs the given message to the console.</doc>
<arguments>
<arg>${item}</arg>
</arguments>
<status status="PASS" starttime="20190926 15:29:35.079" endtime="20190926 15:29:35.079"></status>
</kw>
<status status="PASS" starttime="20190926 15:29:35.079" endtime="20190926 15:29:35.079"></status>
</kw>
<kw name="${item} = Dark Ship" type="foritem">
<kw name="Log To Console" library="BuiltIn">
<doc>Logs the given message to the console.</doc>
<arguments>
<arg>${item}</arg>
</arguments>
<status status="PASS" starttime="20190926 15:29:35.079" endtime="20190926 15:29:35.079"></status>
</kw>
<status status="PASS" starttime="20190926 15:29:35.079" endtime="20190926 15:29:35.079"></status>
</kw>
<kw name="${item} = Unholy Alliance" type="foritem">
<kw name="Log To Console" library="BuiltIn">
<doc>Logs the given message to the console.</doc>
<arguments>
<arg>${item}</arg>
</arguments>
<status status="PASS" starttime="20190926 15:29:35.079" endtime="20190926 15:29:35.079"></status>
</kw>
<status status="PASS" starttime="20190926 15:29:35.079" endtime="20190926 15:29:35.079"></status>
</kw>
<kw name="${item} = Hell Or High Water" type="foritem">
<kw name="Log To Console" library="BuiltIn">
<doc>Logs the given message to the console.</doc>
<arguments>
<arg>${item}</arg>
</arguments>
<status status="PASS" starttime="20190926 15:29:35.079" endtime="20190926 15:29:35.079"></status>
</kw>
<status status="PASS" starttime="20190926 15:29:35.079" endtime="20190926 15:29:35.079"></status>
</kw>
<kw name="${item} = Unbreakable" type="foritem">
<kw name="Log To Console" library="BuiltIn">
<doc>Logs the given message to the console.</doc>
<arguments>
<arg>${item}</arg>
</arguments>
<status status="PASS" starttime="20190926 15:29:35.079" endtime="20190926 15:29:35.079"></status>
</kw>
<status status="PASS" starttime="20190926 15:29:35.079" endtime="20190926 15:29:35.079"></status>
</kw>
<kw name="${item} = Devil's Cut" type="foritem">
<kw name="Log To Console" library="BuiltIn">
<doc>Logs the given message to the console.</doc>
<arguments>
<arg>${item}</arg>
</arguments>
<status status="PASS" starttime="20190926 15:29:35.079" endtime="20190926 15:29:35.079"></status>
</kw>
<status status="PASS" starttime="20190926 15:29:35.079" endtime="20190926 15:29:35.079"></status>
</kw>
<kw name="${item} = Crane Wreck" type="foritem">
<kw name="Log To Console" library="BuiltIn">
<doc>Logs the given message to the console.</doc>
<arguments>
<arg>${item}</arg>
</arguments>
<status status="PASS" starttime="20190926 15:29:35.079" endtime="20190926 15:29:35.079"></status>
</kw>
<status status="PASS" starttime="20190926 15:29:35.079" endtime="20190926 15:29:35.079"></status>
</kw>
<kw name="${item} = The Mystery Of F/V Destination" type="foritem">
<kw name="Log To Console" library="BuiltIn">
<doc>Logs the given message to the console.</doc>
<arguments>
<arg>${item}</arg>
</arguments>
<status status="PASS" starttime="20190926 15:29:35.079" endtime="20190926 15:29:35.079"></status>
</kw>
<status status="PASS" starttime="20190926 15:29:35.079" endtime="20190926 15:29:35.079"></status>
</kw>
<kw name="${item} = Sixty Foot Monster" type="foritem">
<kw name="Log To Console" library="BuiltIn">
<doc>Logs the given message to the console.</doc>
<arguments>
<arg>${item}</arg>
</arguments>
<status status="PASS" starttime="20190926 15:29:35.079" endtime="20190926 15:29:35.079"></status>
</kw>
<status status="PASS" starttime="20190926 15:29:35.079" endtime="20190926 15:29:35.079"></status>
</kw>
<kw name="${item} = Hell Hath No Fury" type="foritem">
<kw name="Log To Console" library="BuiltIn">
<doc>Logs the given message to the console.</doc>
<arguments>
<arg>${item}</arg>
</arguments>
<status status="PASS" starttime="20190926 15:29:35.079" endtime="20190926 15:29:35.079"></status>
</kw>
<status status="PASS" starttime="20190926 15:29:35.079" endtime="20190926 15:29:35.079"></status>
</kw>
<kw name="${item} = " type="foritem">
<kw name="Log To Console" library="BuiltIn">
<doc>Logs the given message to the console.</doc>
<arguments>
<arg>${item}</arg>
</arguments>
<status status="PASS" starttime="20190926 15:29:35.079" endtime="20190926 15:29:35.079"></status>
</kw>
<status status="PASS" starttime="20190926 15:29:35.079" endtime="20190926 15:29:35.079"></status>
</kw>
<kw name="${item} = Russian Roulette" type="foritem">
<kw name="Log To Console" library="BuiltIn">
<doc>Logs the given message to the console.</doc>
<arguments>
<arg>${item}</arg>
</arguments>
<status status="PASS" starttime="20190926 15:29:35.079" endtime="20190926 15:29:35.079"></status>
</kw>
<status status="PASS" starttime="20190926 15:29:35.079" endtime="20190926 15:29:35.079"></status>
</kw>
<kw name="${item} = Tough Inheritance" type="foritem">
<kw name="Log To Console" library="BuiltIn">
<doc>Logs the given message to the console.</doc>
<arguments>
<arg>${item}</arg>
</arguments>
<status status="PASS" starttime="20190926 15:29:35.079" endtime="20190926 15:29:35.079"></status>
</kw>
<status status="PASS" starttime="20190926 15:29:35.079" endtime="20190926 15:29:35.079"></status>
</kw>
<kw name="${item} = Winter Is Here" type="foritem">
<kw name="Log To Console" library="BuiltIn">
<doc>Logs the given message to the console.</doc>
<arguments>
<arg>${item}</arg>
</arguments>
<status status="PASS" starttime="20190926 15:29:35.079" endtime="20190926 15:29:35.079"></status>
</kw>
<status status="PASS" starttime="20190926 15:29:35.079" endtime="20190926 15:29:35.079"></status>
</kw>
<kw name="${item} = Blood In The Water" type="foritem">
<kw name="Log To Console" library="BuiltIn">
<doc>Logs the given message to the console.</doc>
<arguments>
<arg>${item}</arg>
</arguments>
<status status="PASS" starttime="20190926 15:29:35.079" endtime="20190926 15:29:35.079"></status>
</kw>
<status status="PASS" starttime="20190926 15:29:35.079" endtime="20190926 15:29:35.079"></status>
</kw>
<kw name="${item} = Tortured To Greatness" type="foritem">
<kw name="Log To Console" library="BuiltIn">
<doc>Logs the given message to the console.</doc>
<arguments>
<arg>${item}</arg>
</arguments>
<status status="PASS" starttime="20190926 15:29:35.079" endtime="20190926 15:29:35.079"></status>
</kw>
<status status="PASS" starttime="20190926 15:29:35.079" endtime="20190926 15:29:35.079"></status>
</kw>
<kw name="${item} = Shifting Stack" type="foritem">
<kw name="Log To Console" library="BuiltIn">
<doc>Logs the given message to the console.</doc>
<arguments>
<arg>${item}</arg>
</arguments>
<status status="PASS" starttime="20190926 15:29:35.079" endtime="20190926 15:29:35.079"></status>
</kw>
<status status="PASS" starttime="20190926 15:29:35.079" endtime="20190926 15:29:35.079"></status>
</kw>
<kw name="${item} = Strategy &amp; Deception" type="foritem">
<kw name="Log To Console" library="BuiltIn">
<doc>Logs the given message to the console.</doc>
<arguments>
<arg>${item}</arg>
</arguments>
<status status="PASS" starttime="20190926 15:29:35.079" endtime="20190926 15:29:35.079"></status>
</kw>
<status status="PASS" starttime="20190926 15:29:35.079" endtime="20190926 15:29:35.095"></status>
</kw>
<kw name="${item} = Single Point Of Failure" type="foritem">
<kw name="Log To Console" library="BuiltIn">
<doc>Logs the given message to the console.</doc>
<arguments>
<arg>${item}</arg>
</arguments>
<status status="PASS" starttime="20190926 15:29:35.095" endtime="20190926 15:29:35.095"></status>
</kw>
<status status="PASS" starttime="20190926 15:29:35.095" endtime="20190926 15:29:35.095"></status>
</kw>
<kw name="${item} = Legend Of Sean Dwyer" type="foritem">
<kw name="Log To Console" library="BuiltIn">
<doc>Logs the given message to the console.</doc>
<arguments>
<arg>${item}</arg>
</arguments>
<status status="PASS" starttime="20190926 15:29:35.095" endtime="20190926 15:29:35.095"></status>
</kw>
<status status="PASS" starttime="20190926 15:29:35.095" endtime="20190926 15:29:35.095"></status>
</kw>
<status status="PASS" starttime="20190926 15:29:35.079" endtime="20190926 15:29:35.095"></status>
</kw>
<kw name="Create List" library="BuiltIn">
<doc>Returns a list containing given items.</doc>
<assign>
<var>@{ShowTitleDuration}</var>
</assign>
<msg timestamp="20190926 15:29:35.095" level="INFO">@{ShowTitleDuration} = [ ]</msg>
<status status="PASS" starttime="20190926 15:29:35.095" endtime="20190926 15:29:35.095"></status>
</kw>
<kw name="${i} IN RANGE [ 1 | 24 ]" type="for">
<kw name="${i} = 1" type="foritem">
<kw name="Get Text" library="Selenium2Library">
<doc>Returns the text value of the element identified by ``locator``.</doc>
<arguments>
<arg>xpath =//*[@id="react-root"]/div/div[1]/main/section[2]/div/ul/li[${i}]/div[1]/div[1]/div/a/div[2]/div/div/p</arg>
</arguments>
<assign>
<var>${duration}</var>
</assign>
<msg timestamp="20190926 15:29:35.126" level="INFO">${duration} = 41 MIN</msg>
<status status="PASS" starttime="20190926 15:29:35.095" endtime="20190926 15:29:35.126"></status>
</kw>
<kw name="Append To List" library="Collections">
<doc>Adds ``values`` to the end of ``list``.</doc>
<arguments>
<arg>${ShowTitleDuration}</arg>
<arg>${duration}</arg>
</arguments>
<status status="PASS" starttime="20190926 15:29:35.126" endtime="20190926 15:29:35.126"></status>
</kw>
<status status="PASS" starttime="20190926 15:29:35.095" endtime="20190926 15:29:35.126"></status>
</kw>
<kw name="${i} = 2" type="foritem">
<kw name="Get Text" library="Selenium2Library">
<doc>Returns the text value of the element identified by ``locator``.</doc>
<arguments>
<arg>xpath =//*[@id="react-root"]/div/div[1]/main/section[2]/div/ul/li[${i}]/div[1]/div[1]/div/a/div[2]/div/div/p</arg>
</arguments>
<assign>
<var>${duration}</var>
</assign>
<msg timestamp="20190926 15:29:35.141" level="INFO">${duration} = 41 MIN</msg>
<status status="PASS" starttime="20190926 15:29:35.126" endtime="20190926 15:29:35.141"></status>
</kw>
<kw name="Append To List" library="Collections">
<doc>Adds ``values`` to the end of ``list``.</doc>
<arguments>
<arg>${ShowTitleDuration}</arg>
<arg>${duration}</arg>
</arguments>
<status status="PASS" starttime="20190926 15:29:35.141" endtime="20190926 15:29:35.141"></status>
</kw>
<status status="PASS" starttime="20190926 15:29:35.126" endtime="20190926 15:29:35.141"></status>
</kw>
<kw name="${i} = 3" type="foritem">
<kw name="Get Text" library="Selenium2Library">
<doc>Returns the text value of the element identified by ``locator``.</doc>
<arguments>
<arg>xpath =//*[@id="react-root"]/div/div[1]/main/section[2]/div/ul/li[${i}]/div[1]/div[1]/div/a/div[2]/div/div/p</arg>
</arguments>
<assign>
<var>${duration}</var>
</assign>
<msg timestamp="20190926 15:29:35.173" level="INFO">${duration} = 41 MIN</msg>
<status status="PASS" starttime="20190926 15:29:35.141" endtime="20190926 15:29:35.173"></status>
</kw>
<kw name="Append To List" library="Collections">
<doc>Adds ``values`` to the end of ``list``.</doc>
<arguments>
<arg>${ShowTitleDuration}</arg>
<arg>${duration}</arg>
</arguments>
<status status="PASS" starttime="20190926 15:29:35.173" endtime="20190926 15:29:35.173"></status>
</kw>
<status status="PASS" starttime="20190926 15:29:35.141" endtime="20190926 15:29:35.173"></status>
</kw>
<kw name="${i} = 4" type="foritem">
<kw name="Get Text" library="Selenium2Library">
<doc>Returns the text value of the element identified by ``locator``.</doc>
<arguments>
<arg>xpath =//*[@id="react-root"]/div/div[1]/main/section[2]/div/ul/li[${i}]/div[1]/div[1]/div/a/div[2]/div/div/p</arg>
</arguments>
<assign>
<var>${duration}</var>
</assign>
<msg timestamp="20190926 15:29:35.204" level="INFO">${duration} = 4 MIN</msg>
<status status="PASS" starttime="20190926 15:29:35.173" endtime="20190926 15:29:35.204"></status>
</kw>
<kw name="Append To List" library="Collections">
<doc>Adds ``values`` to the end of ``list``.</doc>
<arguments>
<arg>${ShowTitleDuration}</arg>
<arg>${duration}</arg>
</arguments>
<status status="PASS" starttime="20190926 15:29:35.204" endtime="20190926 15:29:35.204"></status>
</kw>
<status status="PASS" starttime="20190926 15:29:35.173" endtime="20190926 15:29:35.204"></status>
</kw>
<kw name="${i} = 5" type="foritem">
<kw name="Get Text" library="Selenium2Library">
<doc>Returns the text value of the element identified by ``locator``.</doc>
<arguments>
<arg>xpath =//*[@id="react-root"]/div/div[1]/main/section[2]/div/ul/li[${i}]/div[1]/div[1]/div/a/div[2]/div/div/p</arg>
</arguments>
<assign>
<var>${duration}</var>
</assign>
<msg timestamp="20190926 15:29:35.235" level="INFO">${duration} = 41 MIN</msg>
<status status="PASS" starttime="20190926 15:29:35.204" endtime="20190926 15:29:35.235"></status>
</kw>
<kw name="Append To List" library="Collections">
<doc>Adds ``values`` to the end of ``list``.</doc>
<arguments>
<arg>${ShowTitleDuration}</arg>
<arg>${duration}</arg>
</arguments>
<status status="PASS" starttime="20190926 15:29:35.235" endtime="20190926 15:29:35.235"></status>
</kw>
<status status="PASS" starttime="20190926 15:29:35.204" endtime="20190926 15:29:35.235"></status>
</kw>
<kw name="${i} = 6" type="foritem">
<kw name="Get Text" library="Selenium2Library">
<doc>Returns the text value of the element identified by ``locator``.</doc>
<arguments>
<arg>xpath =//*[@id="react-root"]/div/div[1]/main/section[2]/div/ul/li[${i}]/div[1]/div[1]/div/a/div[2]/div/div/p</arg>
</arguments>
<assign>
<var>${duration}</var>
</assign>
<msg timestamp="20190926 15:29:35.266" level="INFO">${duration} = 41 MIN</msg>
<status status="PASS" starttime="20190926 15:29:35.235" endtime="20190926 15:29:35.266"></status>
</kw>
<kw name="Append To List" library="Collections">
<doc>Adds ``values`` to the end of ``list``.</doc>
<arguments>
<arg>${ShowTitleDuration}</arg>
<arg>${duration}</arg>
</arguments>
<status status="PASS" starttime="20190926 15:29:35.266" endtime="20190926 15:29:35.266"></status>
</kw>
<status status="PASS" starttime="20190926 15:29:35.235" endtime="20190926 15:29:35.266"></status>
</kw>
<kw name="${i} = 7" type="foritem">
<kw name="Get Text" library="Selenium2Library">
<doc>Returns the text value of the element identified by ``locator``.</doc>
<arguments>
<arg>xpath =//*[@id="react-root"]/div/div[1]/main/section[2]/div/ul/li[${i}]/div[1]/div[1]/div/a/div[2]/div/div/p</arg>
</arguments>
<assign>
<var>${duration}</var>
</assign>
<msg timestamp="20190926 15:29:35.298" level="INFO">${duration} = 41 MIN</msg>
<status status="PASS" starttime="20190926 15:29:35.266" endtime="20190926 15:29:35.298"></status>
</kw>
<kw name="Append To List" library="Collections">
<doc>Adds ``values`` to the end of ``list``.</doc>
<arguments>
<arg>${ShowTitleDuration}</arg>
<arg>${duration}</arg>
</arguments>
<status status="PASS" starttime="20190926 15:29:35.298" endtime="20190926 15:29:35.298"></status>
</kw>
<status status="PASS" starttime="20190926 15:29:35.266" endtime="20190926 15:29:35.298"></status>
</kw>
<kw name="${i} = 8" type="foritem">
<kw name="Get Text" library="Selenium2Library">
<doc>Returns the text value of the element identified by ``locator``.</doc>
<arguments>
<arg>xpath =//*[@id="react-root"]/div/div[1]/main/section[2]/div/ul/li[${i}]/div[1]/div[1]/div/a/div[2]/div/div/p</arg>
</arguments>
<assign>
<var>${duration}</var>
</assign>
<msg timestamp="20190926 15:29:35.329" level="INFO">${duration} = 41 MIN</msg>
<status status="PASS" starttime="20190926 15:29:35.298" endtime="20190926 15:29:35.329"></status>
</kw>
<kw name="Append To List" library="Collections">
<doc>Adds ``values`` to the end of ``list``.</doc>
<arguments>
<arg>${ShowTitleDuration}</arg>
<arg>${duration}</arg>
</arguments>
<status status="PASS" starttime="20190926 15:29:35.329" endtime="20190926 15:29:35.329"></status>
</kw>
<status status="PASS" starttime="20190926 15:29:35.298" endtime="20190926 15:29:35.329"></status>
</kw>
<kw name="${i} = 9" type="foritem">
<kw name="Get Text" library="Selenium2Library">
<doc>Returns the text value of the element identified by ``locator``.</doc>
<arguments>
<arg>xpath =//*[@id="react-root"]/div/div[1]/main/section[2]/div/ul/li[${i}]/div[1]/div[1]/div/a/div[2]/div/div/p</arg>
</arguments>
<assign>
<var>${duration}</var>
</assign>
<msg timestamp="20190926 15:29:35.413" level="INFO">${duration} = 41 MIN</msg>
<status status="PASS" starttime="20190926 15:29:35.329" endtime="20190926 15:29:35.413"></status>
</kw>
<kw name="Append To List" library="Collections">
<doc>Adds ``values`` to the end of ``list``.</doc>
<arguments>
<arg>${ShowTitleDuration}</arg>
<arg>${duration}</arg>
</arguments>
<status status="PASS" starttime="20190926 15:29:35.413" endtime="20190926 15:29:35.414"></status>
</kw>
<status status="PASS" starttime="20190926 15:29:35.329" endtime="20190926 15:29:35.414"></status>
</kw>
<kw name="${i} = 10" type="foritem">
<kw name="Get Text" library="Selenium2Library">
<doc>Returns the text value of the element identified by ``locator``.</doc>
<arguments>
<arg>xpath =//*[@id="react-root"]/div/div[1]/main/section[2]/div/ul/li[${i}]/div[1]/div[1]/div/a/div[2]/div/div/p</arg>
</arguments>
<assign>
<var>${duration}</var>
</assign>
<msg timestamp="20190926 15:29:35.464" level="INFO">${duration} = 41 MIN</msg>
<status status="PASS" starttime="20190926 15:29:35.414" endtime="20190926 15:29:35.464"></status>
</kw>
<kw name="Append To List" library="Collections">
<doc>Adds ``values`` to the end of ``list``.</doc>
<arguments>
<arg>${ShowTitleDuration}</arg>
<arg>${duration}</arg>
</arguments>
<status status="PASS" starttime="20190926 15:29:35.464" endtime="20190926 15:29:35.464"></status>
</kw>
<status status="PASS" starttime="20190926 15:29:35.414" endtime="20190926 15:29:35.464"></status>
</kw>
<kw name="${i} = 11" type="foritem">
<kw name="Get Text" library="Selenium2Library">
<doc>Returns the text value of the element identified by ``locator``.</doc>
<arguments>
<arg>xpath =//*[@id="react-root"]/div/div[1]/main/section[2]/div/ul/li[${i}]/div[1]/div[1]/div/a/div[2]/div/div/p</arg>
</arguments>
<assign>
<var>${duration}</var>
</assign>
<msg timestamp="20190926 15:29:35.495" level="INFO">${duration} = 41 MIN</msg>
<status status="PASS" starttime="20190926 15:29:35.464" endtime="20190926 15:29:35.495"></status>
</kw>
<kw name="Append To List" library="Collections">
<doc>Adds ``values`` to the end of ``list``.</doc>
<arguments>
<arg>${ShowTitleDuration}</arg>
<arg>${duration}</arg>
</arguments>
<status status="PASS" starttime="20190926 15:29:35.495" endtime="20190926 15:29:35.495"></status>
</kw>
<status status="PASS" starttime="20190926 15:29:35.464" endtime="20190926 15:29:35.495"></status>
</kw>
<kw name="${i} = 12" type="foritem">
<kw name="Get Text" library="Selenium2Library">
<doc>Returns the text value of the element identified by ``locator``.</doc>
<arguments>
<arg>xpath =//*[@id="react-root"]/div/div[1]/main/section[2]/div/ul/li[${i}]/div[1]/div[1]/div/a/div[2]/div/div/p</arg>
</arguments>
<assign>
<var>${duration}</var>
</assign>
<msg timestamp="20190926 15:29:35.511" level="INFO">${duration} = 41 MIN</msg>
<status status="PASS" starttime="20190926 15:29:35.495" endtime="20190926 15:29:35.511"></status>
</kw>
<kw name="Append To List" library="Collections">
<doc>Adds ``values`` to the end of ``list``.</doc>
<arguments>
<arg>${ShowTitleDuration}</arg>
<arg>${duration}</arg>
</arguments>
<status status="PASS" starttime="20190926 15:29:35.526" endtime="20190926 15:29:35.526"></status>
</kw>
<status status="PASS" starttime="20190926 15:29:35.495" endtime="20190926 15:29:35.526"></status>
</kw>
<kw name="${i} = 13" type="foritem">
<kw name="Get Text" library="Selenium2Library">
<doc>Returns the text value of the element identified by ``locator``.</doc>
<arguments>
<arg>xpath =//*[@id="react-root"]/div/div[1]/main/section[2]/div/ul/li[${i}]/div[1]/div[1]/div/a/div[2]/div/div/p</arg>
</arguments>
<assign>
<var>${duration}</var>
</assign>
<msg timestamp="20190926 15:29:35.542" level="INFO">${duration} = 41 MIN</msg>
<status status="PASS" starttime="20190926 15:29:35.526" endtime="20190926 15:29:35.542"></status>
</kw>
<kw name="Append To List" library="Collections">
<doc>Adds ``values`` to the end of ``list``.</doc>
<arguments>
<arg>${ShowTitleDuration}</arg>
<arg>${duration}</arg>
</arguments>
<status status="PASS" starttime="20190926 15:29:35.542" endtime="20190926 15:29:35.542"></status>
</kw>
<status status="PASS" starttime="20190926 15:29:35.526" endtime="20190926 15:29:35.542"></status>
</kw>
<kw name="${i} = 14" type="foritem">
<kw name="Get Text" library="Selenium2Library">
<doc>Returns the text value of the element identified by ``locator``.</doc>
<arguments>
<arg>xpath =//*[@id="react-root"]/div/div[1]/main/section[2]/div/ul/li[${i}]/div[1]/div[1]/div/a/div[2]/div/div/p</arg>
</arguments>
<assign>
<var>${duration}</var>
</assign>
<msg timestamp="20190926 15:29:35.573" level="INFO">${duration} = 41 MIN</msg>
<status status="PASS" starttime="20190926 15:29:35.542" endtime="20190926 15:29:35.573"></status>
</kw>
<kw name="Append To List" library="Collections">
<doc>Adds ``values`` to the end of ``list``.</doc>
<arguments>
<arg>${ShowTitleDuration}</arg>
<arg>${duration}</arg>
</arguments>
<status status="PASS" starttime="20190926 15:29:35.573" endtime="20190926 15:29:35.573"></status>
</kw>
<status status="PASS" starttime="20190926 15:29:35.542" endtime="20190926 15:29:35.573"></status>
</kw>
<kw name="${i} = 15" type="foritem">
<kw name="Get Text" library="Selenium2Library">
<doc>Returns the text value of the element identified by ``locator``.</doc>
<arguments>
<arg>xpath =//*[@id="react-root"]/div/div[1]/main/section[2]/div/ul/li[${i}]/div[1]/div[1]/div/a/div[2]/div/div/p</arg>
</arguments>
<assign>
<var>${duration}</var>
</assign>
<msg timestamp="20190926 15:29:35.604" level="INFO">${duration} = 41 MIN</msg>
<status status="PASS" starttime="20190926 15:29:35.573" endtime="20190926 15:29:35.604"></status>
</kw>
<kw name="Append To List" library="Collections">
<doc>Adds ``values`` to the end of ``list``.</doc>
<arguments>
<arg>${ShowTitleDuration}</arg>
<arg>${duration}</arg>
</arguments>
<status status="PASS" starttime="20190926 15:29:35.604" endtime="20190926 15:29:35.604"></status>
</kw>
<status status="PASS" starttime="20190926 15:29:35.573" endtime="20190926 15:29:35.604"></status>
</kw>
<kw name="${i} = 16" type="foritem">
<kw name="Get Text" library="Selenium2Library">
<doc>Returns the text value of the element identified by ``locator``.</doc>
<arguments>
<arg>xpath =//*[@id="react-root"]/div/div[1]/main/section[2]/div/ul/li[${i}]/div[1]/div[1]/div/a/div[2]/div/div/p</arg>
</arguments>
<assign>
<var>${duration}</var>
</assign>
<msg timestamp="20190926 15:29:35.634" level="INFO">${duration} = 41 MIN</msg>
<status status="PASS" starttime="20190926 15:29:35.604" endtime="20190926 15:29:35.634"></status>
</kw>
<kw name="Append To List" library="Collections">
<doc>Adds ``values`` to the end of ``list``.</doc>
<arguments>
<arg>${ShowTitleDuration}</arg>
<arg>${duration}</arg>
</arguments>
<status status="PASS" starttime="20190926 15:29:35.634" endtime="20190926 15:29:35.634"></status>
</kw>
<status status="PASS" starttime="20190926 15:29:35.604" endtime="20190926 15:29:35.634"></status>
</kw>
<kw name="${i} = 17" type="foritem">
<kw name="Get Text" library="Selenium2Library">
<doc>Returns the text value of the element identified by ``locator``.</doc>
<arguments>
<arg>xpath =//*[@id="react-root"]/div/div[1]/main/section[2]/div/ul/li[${i}]/div[1]/div[1]/div/a/div[2]/div/div/p</arg>
</arguments>
<assign>
<var>${duration}</var>
</assign>
<msg timestamp="20190926 15:29:35.666" level="INFO">${duration} = 84 MIN</msg>
<status status="PASS" starttime="20190926 15:29:35.634" endtime="20190926 15:29:35.666"></status>
</kw>
<kw name="Append To List" library="Collections">
<doc>Adds ``values`` to the end of ``list``.</doc>
<arguments>
<arg>${ShowTitleDuration}</arg>
<arg>${duration}</arg>
</arguments>
<status status="PASS" starttime="20190926 15:29:35.666" endtime="20190926 15:29:35.666"></status>
</kw>
<status status="PASS" starttime="20190926 15:29:35.634" endtime="20190926 15:29:35.666"></status>
</kw>
<kw name="${i} = 18" type="foritem">
<kw name="Get Text" library="Selenium2Library">
<doc>Returns the text value of the element identified by ``locator``.</doc>
<arguments>
<arg>xpath =//*[@id="react-root"]/div/div[1]/main/section[2]/div/ul/li[${i}]/div[1]/div[1]/div/a/div[2]/div/div/p</arg>
</arguments>
<assign>
<var>${duration}</var>
</assign>
<msg timestamp="20190926 15:29:35.697" level="INFO">${duration} = 84 MIN</msg>
<status status="PASS" starttime="20190926 15:29:35.666" endtime="20190926 15:29:35.697"></status>
</kw>
<kw name="Append To List" library="Collections">
<doc>Adds ``values`` to the end of ``list``.</doc>
<arguments>
<arg>${ShowTitleDuration}</arg>
<arg>${duration}</arg>
</arguments>
<status status="PASS" starttime="20190926 15:29:35.697" endtime="20190926 15:29:35.697"></status>
</kw>
<status status="PASS" starttime="20190926 15:29:35.666" endtime="20190926 15:29:35.697"></status>
</kw>
<kw name="${i} = 19" type="foritem">
<kw name="Get Text" library="Selenium2Library">
<doc>Returns the text value of the element identified by ``locator``.</doc>
<arguments>
<arg>xpath =//*[@id="react-root"]/div/div[1]/main/section[2]/div/ul/li[${i}]/div[1]/div[1]/div/a/div[2]/div/div/p</arg>
</arguments>
<assign>
<var>${duration}</var>
</assign>
<msg timestamp="20190926 15:29:35.728" level="INFO">${duration} = 41 MIN</msg>
<status status="PASS" starttime="20190926 15:29:35.697" endtime="20190926 15:29:35.728"></status>
</kw>
<kw name="Append To List" library="Collections">
<doc>Adds ``values`` to the end of ``list``.</doc>
<arguments>
<arg>${ShowTitleDuration}</arg>
<arg>${duration}</arg>
</arguments>
<status status="PASS" starttime="20190926 15:29:35.728" endtime="20190926 15:29:35.728"></status>
</kw>
<status status="PASS" starttime="20190926 15:29:35.697" endtime="20190926 15:29:35.728"></status>
</kw>
<kw name="${i} = 20" type="foritem">
<kw name="Get Text" library="Selenium2Library">
<doc>Returns the text value of the element identified by ``locator``.</doc>
<arguments>
<arg>xpath =//*[@id="react-root"]/div/div[1]/main/section[2]/div/ul/li[${i}]/div[1]/div[1]/div/a/div[2]/div/div/p</arg>
</arguments>
<assign>
<var>${duration}</var>
</assign>
<msg timestamp="20190926 15:29:35.759" level="INFO">${duration} = 41 MIN</msg>
<status status="PASS" starttime="20190926 15:29:35.728" endtime="20190926 15:29:35.759"></status>
</kw>
<kw name="Append To List" library="Collections">
<doc>Adds ``values`` to the end of ``list``.</doc>
<arguments>
<arg>${ShowTitleDuration}</arg>
<arg>${duration}</arg>
</arguments>
<status status="PASS" starttime="20190926 15:29:35.759" endtime="20190926 15:29:35.759"></status>
</kw>
<status status="PASS" starttime="20190926 15:29:35.728" endtime="20190926 15:29:35.759"></status>
</kw>
<kw name="${i} = 21" type="foritem">
<kw name="Get Text" library="Selenium2Library">
<doc>Returns the text value of the element identified by ``locator``.</doc>
<arguments>
<arg>xpath =//*[@id="react-root"]/div/div[1]/main/section[2]/div/ul/li[${i}]/div[1]/div[1]/div/a/div[2]/div/div/p</arg>
</arguments>
<assign>
<var>${duration}</var>
</assign>
<msg timestamp="20190926 15:29:35.791" level="INFO">${duration} = 41 MIN</msg>
<status status="PASS" starttime="20190926 15:29:35.759" endtime="20190926 15:29:35.791"></status>
</kw>
<kw name="Append To List" library="Collections">
<doc>Adds ``values`` to the end of ``list``.</doc>
<arguments>
<arg>${ShowTitleDuration}</arg>
<arg>${duration}</arg>
</arguments>
<status status="PASS" starttime="20190926 15:29:35.791" endtime="20190926 15:29:35.791"></status>
</kw>
<status status="PASS" starttime="20190926 15:29:35.759" endtime="20190926 15:29:35.791"></status>
</kw>
<kw name="${i} = 22" type="foritem">
<kw name="Get Text" library="Selenium2Library">
<doc>Returns the text value of the element identified by ``locator``.</doc>
<arguments>
<arg>xpath =//*[@id="react-root"]/div/div[1]/main/section[2]/div/ul/li[${i}]/div[1]/div[1]/div/a/div[2]/div/div/p</arg>
</arguments>
<assign>
<var>${duration}</var>
</assign>
<msg timestamp="20190926 15:29:35.834" level="INFO">${duration} = 41 MIN</msg>
<status status="PASS" starttime="20190926 15:29:35.791" endtime="20190926 15:29:35.835"></status>
</kw>
<kw name="Append To List" library="Collections">
<doc>Adds ``values`` to the end of ``list``.</doc>
<arguments>
<arg>${ShowTitleDuration}</arg>
<arg>${duration}</arg>
</arguments>
<status status="PASS" starttime="20190926 15:29:35.835" endtime="20190926 15:29:35.835"></status>
</kw>
<status status="PASS" starttime="20190926 15:29:35.791" endtime="20190926 15:29:35.835"></status>
</kw>
<kw name="${i} = 23" type="foritem">
<kw name="Get Text" library="Selenium2Library">
<doc>Returns the text value of the element identified by ``locator``.</doc>
<arguments>
<arg>xpath =//*[@id="react-root"]/div/div[1]/main/section[2]/div/ul/li[${i}]/div[1]/div[1]/div/a/div[2]/div/div/p</arg>
</arguments>
<assign>
<var>${duration}</var>
</assign>
<msg timestamp="20190926 15:29:35.869" level="INFO">${duration} = 41 MIN</msg>
<status status="PASS" starttime="20190926 15:29:35.835" endtime="20190926 15:29:35.869"></status>
</kw>
<kw name="Append To List" library="Collections">
<doc>Adds ``values`` to the end of ``list``.</doc>
<arguments>
<arg>${ShowTitleDuration}</arg>
<arg>${duration}</arg>
</arguments>
<status status="PASS" starttime="20190926 15:29:35.869" endtime="20190926 15:29:35.869"></status>
</kw>
<status status="PASS" starttime="20190926 15:29:35.835" endtime="20190926 15:29:35.869"></status>
</kw>
<status status="PASS" starttime="20190926 15:29:35.095" endtime="20190926 15:29:35.869"></status>
</kw>
<kw name="${item} IN [ @{ShowTitleDuration} ]" type="for">
<kw name="${item} = 41 MIN" type="foritem">
<kw name="Log To Console" library="BuiltIn">
<doc>Logs the given message to the console.</doc>
<arguments>
<arg>${item}</arg>
</arguments>
<status status="PASS" starttime="20190926 15:29:35.870" endtime="20190926 15:29:35.871"></status>
</kw>
<status status="PASS" starttime="20190926 15:29:35.870" endtime="20190926 15:29:35.871"></status>
</kw>
<kw name="${item} = 41 MIN" type="foritem">
<kw name="Log To Console" library="BuiltIn">
<doc>Logs the given message to the console.</doc>
<arguments>
<arg>${item}</arg>
</arguments>
<status status="PASS" starttime="20190926 15:29:35.871" endtime="20190926 15:29:35.871"></status>
</kw>
<status status="PASS" starttime="20190926 15:29:35.871" endtime="20190926 15:29:35.871"></status>
</kw>
<kw name="${item} = 41 MIN" type="foritem">
<kw name="Log To Console" library="BuiltIn">
<doc>Logs the given message to the console.</doc>
<arguments>
<arg>${item}</arg>
</arguments>
<status status="PASS" starttime="20190926 15:29:35.872" endtime="20190926 15:29:35.872"></status>
</kw>
<status status="PASS" starttime="20190926 15:29:35.871" endtime="20190926 15:29:35.872"></status>
</kw>
<kw name="${item} = 4 MIN" type="foritem">
<kw name="Log To Console" library="BuiltIn">
<doc>Logs the given message to the console.</doc>
<arguments>
<arg>${item}</arg>
</arguments>
<status status="PASS" starttime="20190926 15:29:35.872" endtime="20190926 15:29:35.873"></status>
</kw>
<status status="PASS" starttime="20190926 15:29:35.872" endtime="20190926 15:29:35.873"></status>
</kw>
<kw name="${item} = 41 MIN" type="foritem">
<kw name="Log To Console" library="BuiltIn">
<doc>Logs the given message to the console.</doc>
<arguments>
<arg>${item}</arg>
</arguments>
<status status="PASS" starttime="20190926 15:29:35.873" endtime="20190926 15:29:35.873"></status>
</kw>
<status status="PASS" starttime="20190926 15:29:35.873" endtime="20190926 15:29:35.873"></status>
</kw>
<kw name="${item} = 41 MIN" type="foritem">
<kw name="Log To Console" library="BuiltIn">
<doc>Logs the given message to the console.</doc>
<arguments>
<arg>${item}</arg>
</arguments>
<status status="PASS" starttime="20190926 15:29:35.874" endtime="20190926 15:29:35.874"></status>
</kw>
<status status="PASS" starttime="20190926 15:29:35.874" endtime="20190926 15:29:35.874"></status>
</kw>
<kw name="${item} = 41 MIN" type="foritem">
<kw name="Log To Console" library="BuiltIn">
<doc>Logs the given message to the console.</doc>
<arguments>
<arg>${item}</arg>
</arguments>
<status status="PASS" starttime="20190926 15:29:35.874" endtime="20190926 15:29:35.875"></status>
</kw>
<status status="PASS" starttime="20190926 15:29:35.874" endtime="20190926 15:29:35.875"></status>
</kw>
<kw name="${item} = 41 MIN" type="foritem">
<kw name="Log To Console" library="BuiltIn">
<doc>Logs the given message to the console.</doc>
<arguments>
<arg>${item}</arg>
</arguments>
<status status="PASS" starttime="20190926 15:29:35.875" endtime="20190926 15:29:35.875"></status>
</kw>
<status status="PASS" starttime="20190926 15:29:35.875" endtime="20190926 15:29:35.875"></status>
</kw>
<kw name="${item} = 41 MIN" type="foritem">
<kw name="Log To Console" library="BuiltIn">
<doc>Logs the given message to the console.</doc>
<arguments>
<arg>${item}</arg>
</arguments>
<status status="PASS" starttime="20190926 15:29:35.876" endtime="20190926 15:29:35.876"></status>
</kw>
<status status="PASS" starttime="20190926 15:29:35.875" endtime="20190926 15:29:35.876"></status>
</kw>
<kw name="${item} = 41 MIN" type="foritem">
<kw name="Log To Console" library="BuiltIn">
<doc>Logs the given message to the console.</doc>
<arguments>
<arg>${item}</arg>
</arguments>
<status status="PASS" starttime="20190926 15:29:35.876" endtime="20190926 15:29:35.877"></status>
</kw>
<status status="PASS" starttime="20190926 15:29:35.876" endtime="20190926 15:29:35.877"></status>
</kw>
<kw name="${item} = 41 MIN" type="foritem">
<kw name="Log To Console" library="BuiltIn">
<doc>Logs the given message to the console.</doc>
<arguments>
<arg>${item}</arg>
</arguments>
<status status="PASS" starttime="20190926 15:29:35.877" endtime="20190926 15:29:35.878"></status>
</kw>
<status status="PASS" starttime="20190926 15:29:35.877" endtime="20190926 15:29:35.878"></status>
</kw>
<kw name="${item} = 41 MIN" type="foritem">
<kw name="Log To Console" library="BuiltIn">
<doc>Logs the given message to the console.</doc>
<arguments>
<arg>${item}</arg>
</arguments>
<status status="PASS" starttime="20190926 15:29:35.878" endtime="20190926 15:29:35.878"></status>
</kw>
<status status="PASS" starttime="20190926 15:29:35.878" endtime="20190926 15:29:35.878"></status>
</kw>
<kw name="${item} = 41 MIN" type="foritem">
<kw name="Log To Console" library="BuiltIn">
<doc>Logs the given message to the console.</doc>
<arguments>
<arg>${item}</arg>
</arguments>
<status status="PASS" starttime="20190926 15:29:35.878" endtime="20190926 15:29:35.879"></status>
</kw>
<status status="PASS" starttime="20190926 15:29:35.878" endtime="20190926 15:29:35.879"></status>
</kw>
<kw name="${item} = 41 MIN" type="foritem">
<kw name="Log To Console" library="BuiltIn">
<doc>Logs the given message to the console.</doc>
<arguments>
<arg>${item}</arg>
</arguments>
<status status="PASS" starttime="20190926 15:29:35.879" endtime="20190926 15:29:35.880"></status>
</kw>
<status status="PASS" starttime="20190926 15:29:35.879" endtime="20190926 15:29:35.880"></status>
</kw>
<kw name="${item} = 41 MIN" type="foritem">
<kw name="Log To Console" library="BuiltIn">
<doc>Logs the given message to the console.</doc>
<arguments>
<arg>${item}</arg>
</arguments>
<status status="PASS" starttime="20190926 15:29:35.880" endtime="20190926 15:29:35.880"></status>
</kw>
<status status="PASS" starttime="20190926 15:29:35.880" endtime="20190926 15:29:35.880"></status>
</kw>
<kw name="${item} = 41 MIN" type="foritem">
<kw name="Log To Console" library="BuiltIn">
<doc>Logs the given message to the console.</doc>
<arguments>
<arg>${item}</arg>
</arguments>
<status status="PASS" starttime="20190926 15:29:35.881" endtime="20190926 15:29:35.881"></status>
</kw>
<status status="PASS" starttime="20190926 15:29:35.880" endtime="20190926 15:29:35.881"></status>
</kw>
<kw name="${item} = 84 MIN" type="foritem">
<kw name="Log To Console" library="BuiltIn">
<doc>Logs the given message to the console.</doc>
<arguments>
<arg>${item}</arg>
</arguments>
<status status="PASS" starttime="20190926 15:29:35.881" endtime="20190926 15:29:35.882"></status>
</kw>
<status status="PASS" starttime="20190926 15:29:35.881" endtime="20190926 15:29:35.882"></status>
</kw>
<kw name="${item} = 84 MIN" type="foritem">
<kw name="Log To Console" library="BuiltIn">
<doc>Logs the given message to the console.</doc>
<arguments>
<arg>${item}</arg>
</arguments>
<status status="PASS" starttime="20190926 15:29:35.882" endtime="20190926 15:29:35.882"></status>
</kw>
<status status="PASS" starttime="20190926 15:29:35.882" endtime="20190926 15:29:35.882"></status>
</kw>
<kw name="${item} = 41 MIN" type="foritem">
<kw name="Log To Console" library="BuiltIn">
<doc>Logs the given message to the console.</doc>
<arguments>
<arg>${item}</arg>
</arguments>
<status status="PASS" starttime="20190926 15:29:35.882" endtime="20190926 15:29:35.883"></status>
</kw>
<status status="PASS" starttime="20190926 15:29:35.882" endtime="20190926 15:29:35.883"></status>
</kw>
<kw name="${item} = 41 MIN" type="foritem">
<kw name="Log To Console" library="BuiltIn">
<doc>Logs the given message to the console.</doc>
<arguments>
<arg>${item}</arg>
</arguments>
<status status="PASS" starttime="20190926 15:29:35.883" endtime="20190926 15:29:35.883"></status>
</kw>
<status status="PASS" starttime="20190926 15:29:35.883" endtime="20190926 15:29:35.883"></status>
</kw>
<kw name="${item} = 41 MIN" type="foritem">
<kw name="Log To Console" library="BuiltIn">
<doc>Logs the given message to the console.</doc>
<arguments>
<arg>${item}</arg>
</arguments>
<status status="PASS" starttime="20190926 15:29:35.884" endtime="20190926 15:29:35.884"></status>
</kw>
<status status="PASS" starttime="20190926 15:29:35.884" endtime="20190926 15:29:35.884"></status>
</kw>
<kw name="${item} = 41 MIN" type="foritem">
<kw name="Log To Console" library="BuiltIn">
<doc>Logs the given message to the console.</doc>
<arguments>
<arg>${item}</arg>
</arguments>
<status status="PASS" starttime="20190926 15:29:35.884" endtime="20190926 15:29:35.885"></status>
</kw>
<status status="PASS" starttime="20190926 15:29:35.884" endtime="20190926 15:29:35.885"></status>
</kw>
<kw name="${item} = 41 MIN" type="foritem">
<kw name="Log To Console" library="BuiltIn">
<doc>Logs the given message to the console.</doc>
<arguments>
<arg>${item}</arg>
</arguments>
<status status="PASS" starttime="20190926 15:29:35.885" endtime="20190926 15:29:35.885"></status>
</kw>
<status status="PASS" starttime="20190926 15:29:35.885" endtime="20190926 15:29:35.885"></status>
</kw>
<status status="PASS" starttime="20190926 15:29:35.870" endtime="20190926 15:29:35.886"></status>
</kw>
<kw name="Close All Browsers" library="Selenium2Library">
<doc>Closes all open browsers and resets the browser cache.</doc>
<status status="PASS" starttime="20190926 15:29:35.886" endtime="20190926 15:29:38.234"></status>
</kw>
<kw name="Create Dictionary" library="BuiltIn">
<doc>Creates and returns a dictionary based on the given ``items``.</doc>
<arguments>
<arg>showTitleList=${ShowTitleList}</arg>
<arg>showTitleDuration=${ShowTitleDuration}</arg>
</arguments>
<assign>
<var>&amp;{params}</var>
</assign>
<msg timestamp="20190926 15:29:38.234" level="INFO">&amp;{params} = { showTitleList=['Now Or Never', 'Dead Or Alive', 'Time And Tide Wait For No Man', 'The Most Dangerous Job In Television: Making Deadliest Catch', 'Dark Ship', 'Unholy Alliance', 'Hell Or High Water',...</msg>
<status status="PASS" starttime="20190926 15:29:38.234" endtime="20190926 15:29:38.234"></status>
</kw>
<kw name="Show Titles" library="ShowTitlesAndDurationScrapped">
<arguments>
<arg>${params}</arg>
</arguments>
<assign>
<var>${status}</var>
</assign>
<msg timestamp="20190926 15:29:38.234" level="INFO">['Now Or Never', 'Dead Or Alive', 'Time And Tide Wait For No Man', 'The Most Dangerous Job In Television: Making Deadliest Catch', 'Dark Ship', 'Unholy Alliance', 'Hell Or High Water', 'Unbreakable', "Devil's Cut", 'Crane Wreck', 'The Mystery Of F/V Destination', 'Sixty Foot Monster', 'Hell Hath No Fury', '', 'Russian Roulette', 'Tough Inheritance', 'Winter Is Here', 'Blood In The Water', 'Tortured To Greatness', 'Shifting Stack', 'Strategy &amp; Deception', 'Single Point Of Failure', 'Legend Of Sean Dwyer']
Here
['41 MIN', '41 MIN', '41 MIN', '4 MIN', '41 MIN', '41 MIN', '41 MIN', '41 MIN', '41 MIN', '41 MIN', '41 MIN', '41 MIN', '41 MIN', '41 MIN', '41 MIN', '41 MIN', '84 MIN', '84 MIN', '41 MIN', '41 MIN', '41 MIN', '41 MIN', '41 MIN']</msg>
<msg timestamp="20190926 15:29:38.234" level="INFO">${status} = None</msg>
<status status="PASS" starttime="20190926 15:29:38.234" endtime="20190926 15:29:38.234"></status>
</kw>
<status status="PASS" starttime="20190926 15:29:34.137" endtime="20190926 15:29:38.234" critical="yes"></status>
</test>
<doc>Suite description</doc>
<status status="PASS" starttime="20190926 15:28:20.330" endtime="20190926 15:29:38.234"></status>
</suite>
<statistics>
<total>
<stat pass="5" fail="0">Critical Tests</stat>
<stat pass="5" fail="0">All Tests</stat>
</total>
<tag>
</tag>
<suite>
<stat pass="5" fail="0" id="s1" name="FavouriteShows">FavouriteShows</stat>
</suite>
</statistics>
<errors>
</errors>
</robot>
